2025-05-09 14:53:50,239 - ROBOTEK - INFO - Kullanılan cihaz: cuda
2025-05-09 14:53:50,262 - ROBOTEK - INFO - GPU Modeli: NVIDIA GeForce RTX 3050 Laptop GPU
2025-05-09 14:53:50,262 - ROBOTEK - INFO - Bellek Kullanımı: 0.00 GB / 3.97 GB
2025-05-09 14:53:50,262 - ROBOTEK - INFO - PyTorch Versiyonu: 2.5.1+cu124
2025-05-09 14:53:50,262 - ROBOTEK - INFO - 1. Veri yükleniyor...
2025-05-09 14:53:50,262 - ROBOTEK - INFO - Veri seti yükleniyor: /home/kemal/Projects/Robotek Latest/veriseti
2025-05-09 14:53:50,675 - ROBOTEK - INFO - Kişi person1: 438 ses dosyası eklendi
2025-05-09 14:53:50,857 - ROBOTEK - INFO - Kişi person10: 188 ses dosyası eklendi
2025-05-09 14:53:51,358 - ROBOTEK - INFO - Kişi person2: 511 ses dosyası eklendi
2025-05-09 14:53:51,814 - ROBOTEK - INFO - Kişi person3: 432 ses dosyası eklendi
2025-05-09 14:53:52,367 - ROBOTEK - INFO - Kişi person4: 501 ses dosyası eklendi
2025-05-09 14:53:52,802 - ROBOTEK - INFO - Kişi person5: 476 ses dosyası eklendi
2025-05-09 14:53:53,249 - ROBOTEK - INFO - Kişi person6: 486 ses dosyası eklendi
2025-05-09 14:53:53,670 - ROBOTEK - INFO - Kişi person7: 415 ses dosyası eklendi
2025-05-09 14:53:53,740 - ROBOTEK - INFO - Kişi person8: 80 ses dosyası eklendi
2025-05-09 14:53:54,221 - ROBOTEK - INFO - Kişi person9: 472 ses dosyası eklendi
2025-05-09 14:53:54,221 - ROBOTEK - INFO - Toplam 3999 ses dosyası, 9 kişi bulundu.
2025-05-09 14:53:54,223 - ROBOTEK - INFO - Eğitim seti: 3599 örnek
2025-05-09 14:53:54,223 - ROBOTEK - INFO - Test seti: 400 örnek
2025-05-09 14:53:54,224 - ROBOTEK - INFO - 2. Model oluşturuluyor...
2025-05-09 14:53:54,224 - ROBOTEK - INFO - Model oluşturuluyor, sınıf sayısı: 10
2025-05-09 14:53:54,379 - ROBOTEK - INFO - Model Mimarisi:
FinalModel(
  (conv1): Conv2d(1, 32, kernel_size=(3, 3), stride=(1, 1), padding=(1, 1))
  (bn1): BatchNorm2d(32, eps=1e-05, momentum=0.05, affine=True, track_running_stats=True)
  (relu): ReLU(inplace=True)
  (residual1): ResidualBlock(
    (conv1): Conv2d(32, 64, kernel_size=(3, 3), stride=(1, 1), padding=(1, 1))
    (bn1): BatchNorm2d(64, eps=1e-05, momentum=0.05, affine=True, track_running_stats=True)
    (relu): ReLU(inplace=True)
    (conv2): Conv2d(64, 64, kernel_size=(3, 3), stride=(1, 1), padding=(1, 1))
    (bn2): BatchNorm2d(64, eps=1e-05, momentum=0.05, affine=True, track_running_stats=True)
    (shortcut): Sequential(
      (0): Conv2d(32, 64, kernel_size=(1, 1), stride=(1, 1))
      (1): BatchNorm2d(64, eps=1e-05, momentum=0.05, affine=True, track_running_stats=True)
    )
  )
  (residual2): ResidualBlock(
    (conv1): Conv2d(64, 128, kernel_size=(3, 3), stride=(1, 1), padding=(1, 1))
    (bn1): BatchNorm2d(128, eps=1e-05, momentum=0.05, affine=True, track_running_stats=True)
    (relu): ReLU(inplace=True)
    (conv2): Conv2d(128, 128, kernel_size=(3, 3), stride=(1, 1), padding=(1, 1))
    (bn2): BatchNorm2d(128, eps=1e-05, momentum=0.05, affine=True, track_running_stats=True)
    (shortcut): Sequential(
      (0): Conv2d(64, 128, kernel_size=(1, 1), stride=(1, 1))
      (1): BatchNorm2d(128, eps=1e-05, momentum=0.05, affine=True, track_running_stats=True)
    )
  )
  (residual3): ResidualBlock(
    (conv1): Conv2d(128, 256, kernel_size=(3, 3), stride=(1, 1), padding=(1, 1))
    (bn1): BatchNorm2d(256, eps=1e-05, momentum=0.05, affine=True, track_running_stats=True)
    (relu): ReLU(inplace=True)
    (conv2): Conv2d(256, 256, kernel_size=(3, 3), stride=(1, 1), padding=(1, 1))
    (bn2): BatchNorm2d(256, eps=1e-05, momentum=0.05, affine=True, track_running_stats=True)
    (shortcut): Sequential(
      (0): Conv2d(128, 256, kernel_size=(1, 1), stride=(1, 1))
      (1): BatchNorm2d(256, eps=1e-05, momentum=0.05, affine=True, track_running_stats=True)
    )
  )
  (pool): MaxPool2d(kernel_size=2, stride=2, padding=0, dilation=1, ceil_mode=False)
  (global_pool): AdaptiveAvgPool2d(output_size=1)
  (dropout): Dropout(p=0.5, inplace=False)
  (fc1): Linear(in_features=256, out_features=512, bias=True)
  (bn_fc1): BatchNorm1d(512, eps=1e-05, momentum=0.1, affine=True, track_running_stats=True)
  (fc2): Linear(in_features=512, out_features=10, bias=True)
)
2025-05-09 14:53:54,380 - ROBOTEK - INFO - Toplam öğrenilebilir parametre sayısı: 1,346,378
2025-05-09 14:53:54,380 - ROBOTEK - INFO - 3. Model eğitiliyor...
2025-05-09 14:54:07,175 - ROBOTEK - INFO - Epoch 1/20:
Train Loss: 1.0938 | Train Acc: 78.66%
Test Loss: 0.3796 | Test Acc: 95.75%
Precision: 0.9400 | Recall: 0.9575 | F1: 0.9479 | Macro F1: 0.8689
LR: 0.000160
Epoch Süresi: 0:00:11
Toplam Eğitim Süresi: 0:00:11
Test Süresi: 0:00:01
2025-05-09 14:54:07,248 - ROBOTEK - INFO - En iyi model kaydedildi (Doğruluk: 95.75%): robotek_output_1/models/final_model_20250509-145407.pth
2025-05-09 14:54:17,240 - ROBOTEK - INFO - Epoch 2/20:
Train Loss: 0.1938 | Train Acc: 96.80%
Test Loss: 0.3264 | Test Acc: 88.50%
Precision: 0.9204 | Recall: 0.8850 | F1: 0.8773 | Macro F1: 0.8924
LR: 0.000326
Epoch Süresi: 0:00:09
Toplam Eğitim Süresi: 0:00:21
Test Süresi: 0:00:01
2025-05-09 14:54:27,380 - ROBOTEK - INFO - Epoch 3/20:
Train Loss: 0.0844 | Train Acc: 98.08%
Test Loss: 0.2369 | Test Acc: 91.25%
Precision: 0.9326 | Recall: 0.9125 | F1: 0.9093 | Macro F1: 0.9246
LR: 0.000551
Epoch Süresi: 0:00:10
Toplam Eğitim Süresi: 0:00:32
Test Süresi: 0:00:01
2025-05-09 14:54:37,779 - ROBOTEK - INFO - Epoch 4/20:
Train Loss: 0.0498 | Train Acc: 98.44%
Test Loss: 0.0450 | Test Acc: 99.00%
Precision: 0.9909 | Recall: 0.9900 | F1: 0.9901 | Macro F1: 0.9853
LR: 0.000776
Epoch Süresi: 0:00:10
Toplam Eğitim Süresi: 0:00:42
Test Süresi: 0:00:01
2025-05-09 14:54:37,841 - ROBOTEK - INFO - En iyi model kaydedildi (Doğruluk: 99.00%): robotek_output_1/models/final_model_20250509-145437.pth
2025-05-09 14:54:48,078 - ROBOTEK - INFO - Epoch 5/20:
Train Loss: 0.0554 | Train Acc: 98.42%
Test Loss: 0.0929 | Test Acc: 96.25%
Precision: 0.9659 | Recall: 0.9625 | F1: 0.9621 | Macro F1: 0.9464
LR: 0.000941
Epoch Süresi: 0:00:10
Toplam Eğitim Süresi: 0:00:52
Test Süresi: 0:00:01
2025-05-09 14:54:58,356 - ROBOTEK - INFO - Epoch 6/20:
Train Loss: 0.0338 | Train Acc: 98.92%
Test Loss: 0.6897 | Test Acc: 85.25%
Precision: 0.9116 | Recall: 0.8525 | F1: 0.8165 | Macro F1: 0.7989
LR: 0.001000
Epoch Süresi: 0:00:10
Toplam Eğitim Süresi: 0:01:03
Test Süresi: 0:00:01
2025-05-09 14:55:08,667 - ROBOTEK - INFO - Epoch 7/20:
Train Loss: 0.0283 | Train Acc: 99.08%
Test Loss: 0.0622 | Test Acc: 98.25%
Precision: 0.9833 | Recall: 0.9825 | F1: 0.9825 | Macro F1: 0.9800
LR: 0.000987
Epoch Süresi: 0:00:10
Toplam Eğitim Süresi: 0:01:13
Test Süresi: 0:00:01
2025-05-09 14:55:19,103 - ROBOTEK - INFO - Epoch 8/20:
Train Loss: 0.0185 | Train Acc: 99.53%
Test Loss: 0.0523 | Test Acc: 98.75%
Precision: 0.9883 | Recall: 0.9875 | F1: 0.9875 | Macro F1: 0.9893
LR: 0.000950
Epoch Süresi: 0:00:10
Toplam Eğitim Süresi: 0:01:23
Test Süresi: 0:00:01
2025-05-09 14:55:29,497 - ROBOTEK - INFO - Epoch 9/20:
Train Loss: 0.0127 | Train Acc: 99.64%
Test Loss: 0.0128 | Test Acc: 99.75%
Precision: 0.9976 | Recall: 0.9975 | F1: 0.9975 | Macro F1: 0.9978
LR: 0.000890
Epoch Süresi: 0:00:10
Toplam Eğitim Süresi: 0:01:34
Test Süresi: 0:00:01
2025-05-09 14:55:29,561 - ROBOTEK - INFO - En iyi model kaydedildi (Doğruluk: 99.75%): robotek_output_1/models/final_model_20250509-145529.pth
2025-05-09 14:55:40,108 - ROBOTEK - INFO - Epoch 10/20:
Train Loss: 0.0183 | Train Acc: 99.75%
Test Loss: 0.0185 | Test Acc: 99.75%
Precision: 0.9975 | Recall: 0.9975 | F1: 0.9975 | Macro F1: 0.9963
LR: 0.000811
Epoch Süresi: 0:00:10
Toplam Eğitim Süresi: 0:01:44
Test Süresi: 0:00:01
2025-05-09 14:55:50,648 - ROBOTEK - INFO - Epoch 11/20:
Train Loss: 0.0172 | Train Acc: 99.69%
Test Loss: 0.0002 | Test Acc: 100.00%
Precision: 1.0000 | Recall: 1.0000 | F1: 1.0000 | Macro F1: 1.0000
LR: 0.000716
Epoch Süresi: 0:00:10
Toplam Eğitim Süresi: 0:01:55
Test Süresi: 0:00:01
2025-05-09 14:55:50,713 - ROBOTEK - INFO - En iyi model kaydedildi (Doğruluk: 100.00%): robotek_output_1/models/final_model_20250509-145550.pth
2025-05-09 14:56:01,234 - ROBOTEK - INFO - Epoch 12/20:
Train Loss: 0.0052 | Train Acc: 99.89%
Test Loss: 0.0001 | Test Acc: 100.00%
Precision: 1.0000 | Recall: 1.0000 | F1: 1.0000 | Macro F1: 1.0000
LR: 0.000611
Epoch Süresi: 0:00:10
Toplam Eğitim Süresi: 0:02:05
Test Süresi: 0:00:01
2025-05-09 14:56:11,794 - ROBOTEK - INFO - Epoch 13/20:
Train Loss: 0.0085 | Train Acc: 99.83%
Test Loss: 0.0336 | Test Acc: 99.25%
Precision: 0.9929 | Recall: 0.9925 | F1: 0.9925 | Macro F1: 0.9935
LR: 0.000500
Epoch Süresi: 0:00:10
Toplam Eğitim Süresi: 0:02:16
Test Süresi: 0:00:01
2025-05-09 14:56:22,393 - ROBOTEK - INFO - Epoch 14/20:
Train Loss: 0.0056 | Train Acc: 99.92%
Test Loss: 0.0154 | Test Acc: 99.75%
Precision: 0.9978 | Recall: 0.9975 | F1: 0.9976 | Macro F1: 0.9929
LR: 0.000388
Epoch Süresi: 0:00:10
Toplam Eğitim Süresi: 0:02:27
Test Süresi: 0:00:01
2025-05-09 14:56:33,106 - ROBOTEK - INFO - Epoch 15/20:
Train Loss: 0.0054 | Train Acc: 99.89%
Test Loss: 0.0089 | Test Acc: 99.75%
Precision: 0.9976 | Recall: 0.9975 | F1: 0.9975 | Macro F1: 0.9979
LR: 0.000283
Epoch Süresi: 0:00:10
Toplam Eğitim Süresi: 0:02:37
Test Süresi: 0:00:01
2025-05-09 14:56:43,776 - ROBOTEK - INFO - Epoch 16/20:
Train Loss: 0.0059 | Train Acc: 99.89%
Test Loss: 0.0000 | Test Acc: 100.00%
Precision: 1.0000 | Recall: 1.0000 | F1: 1.0000 | Macro F1: 1.0000
LR: 0.000188
Epoch Süresi: 0:00:10
Toplam Eğitim Süresi: 0:02:48
Test Süresi: 0:00:01
2025-05-09 14:56:54,429 - ROBOTEK - INFO - Epoch 17/20:
Train Loss: 0.0005 | Train Acc: 99.97%
Test Loss: 0.0048 | Test Acc: 99.75%
Precision: 0.9976 | Recall: 0.9975 | F1: 0.9975 | Macro F1: 0.9978
LR: 0.000109
Epoch Süresi: 0:00:10
Toplam Eğitim Süresi: 0:02:59
Test Süresi: 0:00:01
2025-05-09 14:57:05,184 - ROBOTEK - INFO - Epoch 18/20:
Train Loss: 0.0002 | Train Acc: 99.97%
Test Loss: 0.0000 | Test Acc: 100.00%
Precision: 1.0000 | Recall: 1.0000 | F1: 1.0000 | Macro F1: 1.0000
LR: 0.000050
Epoch Süresi: 0:00:10
Toplam Eğitim Süresi: 0:03:09
Test Süresi: 0:00:01
2025-05-09 14:57:16,022 - ROBOTEK - INFO - Epoch 19/20:
Train Loss: 0.0004 | Train Acc: 99.97%
Test Loss: 0.0000 | Test Acc: 100.00%
Precision: 1.0000 | Recall: 1.0000 | F1: 1.0000 | Macro F1: 1.0000
LR: 0.000013
Epoch Süresi: 0:00:10
Toplam Eğitim Süresi: 0:03:20
Test Süresi: 0:00:01
2025-05-09 14:57:26,808 - ROBOTEK - INFO - Epoch 20/20:
Train Loss: 0.0002 | Train Acc: 100.00%
Test Loss: 0.0000 | Test Acc: 100.00%
Precision: 1.0000 | Recall: 1.0000 | F1: 1.0000 | Macro F1: 1.0000
LR: 0.000001
Epoch Süresi: 0:00:10
Toplam Eğitim Süresi: 0:03:31
Test Süresi: 0:00:01
2025-05-09 14:57:26,810 - ROBOTEK - INFO - Eğitim tamamlandı. En iyi model yüklendi (Doğruluk: 100.00%)
2025-05-09 14:57:26,810 - ROBOTEK - INFO - Toplam eğitim süresi: 0:03:31
2025-05-09 14:57:27,364 - ROBOTEK - INFO - Eğitim istatistikleri görselleştirildi ve kaydedildi: robotek_output_1/graphs/egitim_istatistikleri_20250509-145727.png
2025-05-09 14:57:27,407 - ROBOTEK - INFO - Model başarıyla kaydedildi: robotek_output_1/models/final_model_20250509-145727.pth
2025-05-09 14:57:27,407 - ROBOTEK - INFO - Test seti için JSON tahmin çıktısı oluşturuluyor...
2025-05-09 14:57:28,825 - ROBOTEK - INFO - Test tahminleri JSON dosyası oluşturuldu: robotek_output_1/predictions/test_tahminleri_20250509-145728.json
2025-05-09 14:57:28,825 - ROBOTEK - INFO - Toplam 400 test tahmini oluşturuldu
2025-05-09 14:57:28,826 - ROBOTEK - INFO - 4. Model test ediliyor...
2025-05-09 14:57:28,826 - ROBOTEK - INFO - Test işlemi başlıyor...
2025-05-09 14:57:30,301 - ROBOTEK - INFO - Sınıf Bazlı Doğruluk:
2025-05-09 14:57:30,302 - ROBOTEK - INFO - Person1: 100.00% (44/44)
2025-05-09 14:57:30,302 - ROBOTEK - INFO - Person2: 100.00% (51/51)
2025-05-09 14:57:30,302 - ROBOTEK - INFO - Person3: 100.00% (43/43)
2025-05-09 14:57:30,302 - ROBOTEK - INFO - Person4: 100.00% (50/50)
2025-05-09 14:57:30,302 - ROBOTEK - INFO - Person5: 100.00% (48/48)
2025-05-09 14:57:30,302 - ROBOTEK - INFO - Person6: 100.00% (49/49)
2025-05-09 14:57:30,302 - ROBOTEK - INFO - Person7: 100.00% (41/41)
2025-05-09 14:57:30,302 - ROBOTEK - INFO - Person8: 100.00% (8/8)
2025-05-09 14:57:30,302 - ROBOTEK - INFO - Person9: 100.00% (47/47)
2025-05-09 14:57:30,302 - ROBOTEK - INFO - Person10: 100.00% (19/19)
2025-05-09 14:57:30,313 - ROBOTEK - INFO - Test Sonuçları:
Doğruluk: 100.00%
Kayıp: 0.0003
Precision: 1.0000
Recall: 1.0000
F1 Score: 1.0000
Macro F1 Score: 1.0000
Toplam Test Süresi: 0:00:01
Ortalama Batch Tahmin Süresi: 0.0028 saniye
Örnek Başına Tahmin Süresi: 0.09 milisaniye
2025-05-09 14:57:30,527 - ROBOTEK - INFO - Karışıklık matrisi görselleştirildi ve kaydedildi: robotek_output_1/graphs/karisiklik_matrisi_20250509-145730.png
2025-05-09 14:57:30,533 - ROBOTEK - INFO - Sınıflandırma Raporu:
              precision    recall  f1-score   support

     Person1       1.00      1.00      1.00        44
     Person2       1.00      1.00      1.00        51
     Person3       1.00      1.00      1.00        43
     Person4       1.00      1.00      1.00        50
     Person5       1.00      1.00      1.00        48
     Person6       1.00      1.00      1.00        49
     Person7       1.00      1.00      1.00        41
     Person8       1.00      1.00      1.00         8
     Person9       1.00      1.00      1.00        47
    Person10       1.00      1.00      1.00        19

    accuracy                           1.00       400
   macro avg       1.00      1.00      1.00       400
weighted avg       1.00      1.00      1.00       400

2025-05-09 14:57:30,533 - ROBOTEK - INFO - Test seti için JSON tahmin çıktısı oluşturuluyor...
2025-05-09 14:57:31,982 - ROBOTEK - INFO - Test tahminleri JSON dosyası oluşturuldu: robotek_output_1/predictions/test_tahminleri_20250509-145731.json
2025-05-09 14:57:31,982 - ROBOTEK - INFO - Toplam 400 test tahmini oluşturuldu
2025-05-09 14:57:31,983 - ROBOTEK - INFO - Test sonuçları: Doğruluk: 100.00%
2025-05-09 14:57:31,983 - ROBOTEK - INFO - 5. Model kaydediliyor... (final_model_20250509-145731.pth)
2025-05-09 14:57:32,020 - ROBOTEK - INFO - Model başarıyla kaydedildi: robotek_output_1/models/final_model_20250509-145731.pth
2025-05-09 14:57:32,021 - ROBOTEK - INFO - 6. Örnek tahmin yapılıyor...
2025-05-09 14:57:32,027 - ROBOTEK - INFO - Rastgele seçilen ses dosyası: /home/kemal/Projects/Robotek Latest/veriseti/person2/voice524.wav
2025-05-09 14:57:32,141 - ROBOTEK - INFO - Tahmin edilen kişi: Person2 (ID: voice524)
Yükleme süresi: 1.05 ms
Önişleme süresi: 3.35 ms
Model tahmin süresi: 73.48 ms
Toplam tahmin süresi: 113.29 ms
2025-05-09 14:57:32,141 - ROBOTEK - INFO - Tahmin olasılıkları:
2025-05-09 14:57:32,141 - ROBOTEK - INFO -   1. Person2: 100.00%
2025-05-09 14:57:32,141 - ROBOTEK - INFO -   2. Person5: 0.00%
2025-05-09 14:57:32,141 - ROBOTEK - INFO -   3. Person1: 0.00%
2025-05-09 14:57:34,960 - ROBOTEK - INFO - Model aktivasyonları görselleştirildi ve kaydedildi: robotek_output_1/graphs/model_aktivasyonlari_voice524_20250509-145732.png
2025-05-09 14:57:34,960 - ROBOTEK - INFO - Tahmin JSON dosyası oluşturuldu: robotek_output_1/predictions/tahmin_voice524_20250509-145732.json
2025-05-09 14:57:34,960 - ROBOTEK - INFO - Tahmin sonucu: Person2
2025-05-09 14:57:34,960 - ROBOTEK - INFO - Toplam program süresi: 0:03:44
2025-05-09 14:57:34,961 - ROBOTEK - INFO - 7. Performans özeti:
2025-05-09 14:57:34,961 - ROBOTEK - INFO - Toplam program süresi: 0:03:44
2025-05-09 14:57:34,961 - ROBOTEK - INFO - Eğitim süresi: 0:03:31
2025-05-09 14:57:34,961 - ROBOTEK - INFO - Model doğruluğu: 100.00%
2025-05-09 14:57:34,961 - ROBOTEK - INFO - Precision: 1.0000
2025-05-09 14:57:34,961 - ROBOTEK - INFO - Recall: 1.0000
2025-05-09 14:57:34,961 - ROBOTEK - INFO - F1 Score: 1.0000
2025-05-09 14:57:34,961 - ROBOTEK - INFO - Macro F1 Score: 1.0000
2025-05-09 14:57:34,961 - ROBOTEK - INFO - Örnek başına tahmin süresi: 0.09 ms
2025-05-09 14:57:34,961 - ROBOTEK - INFO - Performans özeti 'robotek_output_1/logs/performans_ozeti_20250509-145731.json' dosyasına kaydedildi.
2025-05-09 14:57:34,961 - ROBOTEK - INFO - Test seti için JSON tahmin çıktısı oluşturuluyor...
2025-05-09 14:57:36,434 - ROBOTEK - INFO - Test tahminleri JSON dosyası oluşturuldu: robotek_output_1/predictions/test_tahminleri_20250509-145736.json
2025-05-09 14:57:36,435 - ROBOTEK - INFO - Toplam 400 test tahmini oluşturuldu
2025-05-09 14:57:36,435 - ROBOTEK - INFO - Program başarıyla tamamlandı!
